0 info it worked if it ends with ok
1 verbose cli [ 'D:\\Program Files\\nodejs\\node.exe',
1 verbose cli   'D:\\Program Files\\nodejs\\node_modules\\npm\\bin\\npm-cli.js',
1 verbose cli   'run-script',
1 verbose cli   'start' ]
2 info using npm@3.10.10
3 info using node@v6.10.2
4 verbose run-script [ 'prestart', 'start', 'poststart' ]
5 info lifecycle BIG_SmartHome@1.0.0~prestart: BIG_SmartHome@1.0.0
6 silly lifecycle BIG_SmartHome@1.0.0~prestart: no script for prestart, continuing
7 info lifecycle BIG_SmartHome@1.0.0~start: BIG_SmartHome@1.0.0
8 verbose lifecycle BIG_SmartHome@1.0.0~start: unsafe-perm in lifecycle true
9 verbose lifecycle BIG_SmartHome@1.0.0~start: PATH: D:\Program Files\nodejs\node_modules\npm\bin\node-gyp-bin;D:\Vid\Google Drive\TU Wien\Semester 6\Web Engineering\UE2\WebEng-UE2\node_modules\.bin;D:\Program Files\nodejs;"D:\Program Files\Java\jdk1.8.0_92\bin";C:\Program Files\Intel\iCLS Client\;C:\WINDOWS\system32;C:\WINDOWS;C:\WINDOWS\System32\Wbem;C:\WINDOWS\System32\WindowsPowerShell\v1.0\;D:\Program Files\ATI Technologies\ATI.ACE\Core-Static;C:\Program Files\Intel\Intel(R) Management Engine Components\DAL;C:\Program Files\Intel\Intel(R) Management Engine Components\IPT;C:\Program Files (x86)\Intel\Intel(R) Management Engine Components\DAL;C:\Program Files (x86)\Intel\Intel(R) Management Engine Components\IPT;D:\Program Files\Java\jdk1.8.0_20\bin;C:\adb;C:\Program Files (x86)\Windows Live\Shared;C:\Program Files (x86)\Skype\Phone\;D:\Program Files\MiKTeX 2.9\miktex\bin\x64\;D:\Program Files\MATLAB\R2015b\runtime\win64;D:\Program Files\MATLAB\R2015b\bin;C:\WINDOWS\system32;C:\WINDOWS;C:\WINDOWS\System32\Wbem;C:\WINDOWS\System32\WindowsPowerShell\v1.0\;D:\apache-ant-1.9.7\bin;D:\Program Files\Git\cmd;D:\Program Files\Java\jdk1.8.0_92\bin\java.exe
10 verbose lifecycle BIG_SmartHome@1.0.0~start: CWD: D:\Vid\Google Drive\TU Wien\Semester 6\Web Engineering\UE2\WebEng-UE2
11 silly lifecycle BIG_SmartHome@1.0.0~start: Args: [ '/d /s /c', 'tsc && concurrently "tsc -w" "lite-server" ' ]
12 silly lifecycle BIG_SmartHome@1.0.0~start: Returned: code: 2  signal: null
13 info lifecycle BIG_SmartHome@1.0.0~start: Failed to exec start script
14 verbose stack Error: BIG_SmartHome@1.0.0 start: `tsc && concurrently "tsc -w" "lite-server" `
14 verbose stack Exit status 2
14 verbose stack     at EventEmitter.<anonymous> (D:\Program Files\nodejs\node_modules\npm\lib\utils\lifecycle.js:255:16)
14 verbose stack     at emitTwo (events.js:106:13)
14 verbose stack     at EventEmitter.emit (events.js:191:7)
14 verbose stack     at ChildProcess.<anonymous> (D:\Program Files\nodejs\node_modules\npm\lib\utils\spawn.js:40:14)
14 verbose stack     at emitTwo (events.js:106:13)
14 verbose stack     at ChildProcess.emit (events.js:191:7)
14 verbose stack     at maybeClose (internal/child_process.js:886:16)
14 verbose stack     at Process.ChildProcess._handle.onexit (internal/child_process.js:226:5)
15 verbose pkgid BIG_SmartHome@1.0.0
16 verbose cwd D:\Vid\Google Drive\TU Wien\Semester 6\Web Engineering\UE2\WebEng-UE2
17 error Windows_NT 10.0.14393
18 error argv "D:\\Program Files\\nodejs\\node.exe" "D:\\Program Files\\nodejs\\node_modules\\npm\\bin\\npm-cli.js" "run-script" "start"
19 error node v6.10.2
20 error npm  v3.10.10
21 error code ELIFECYCLE
22 error BIG_SmartHome@1.0.0 start: `tsc && concurrently "tsc -w" "lite-server" `
22 error Exit status 2
23 error Failed at the BIG_SmartHome@1.0.0 start script 'tsc && concurrently "tsc -w" "lite-server" '.
23 error Make sure you have the latest version of node.js and npm installed.
23 error If you do, this is most likely a problem with the BIG_SmartHome package,
23 error not with npm itself.
23 error Tell the author that this fails on your system:
23 error     tsc && concurrently "tsc -w" "lite-server"
23 error You can get information on how to open an issue for this project with:
23 error     npm bugs BIG_SmartHome
23 error Or if that isn't available, you can get their info via:
23 error     npm owner ls BIG_SmartHome
23 error There is likely additional logging output above.
24 verbose exit [ 1, true ]
